<?xml version="1.0" encoding="UTF-8"?>
<coverage generated="1739586955172" clover="3.2.0">
  <project timestamp="1739586955172" name="All files">
    <metrics statements="16" coveredstatements="16" conditionals="12" coveredconditionals="11" methods="6" coveredmethods="6" elements="34" coveredelements="33" complexity="0" loc="16" ncloc="16" packages="1" files="2" classes="2"/>
    <file name="index.ts" path="/home/itzmeamario-linux/Documents/programming/personal/custom-logger/src/index.ts">
      <metrics statements="1" coveredstatements="1" conditionals="0" coveredconditionals="0" methods="1" coveredmethods="1"/>
      <line num="1" count="11" type="stmt"/>
    </file>
    <file name="logger.ts" path="/home/itzmeamario-linux/Documents/programming/personal/custom-logger/src/logger.ts">
      <metrics statements="15" coveredstatements="15" conditionals="12" coveredconditionals="11" methods="5" coveredmethods="5"/>
      <line num="1" count="1" type="stmt"/>
      <line num="9" count="1" type="stmt"/>
      <line num="10" count="9" type="stmt"/>
      <line num="13" count="54" type="stmt"/>
      <line num="14" count="8" type="stmt"/>
      <line num="32" count="9" type="stmt"/>
      <line num="34" count="9" type="stmt"/>
      <line num="38" count="9" type="stmt"/>
      <line num="39" count="54" type="stmt"/>
      <line num="40" count="9" type="cond" truecount="2" falsecount="0"/>
      <line num="42" count="6" type="stmt"/>
      <line num="48" count="3" type="cond" truecount="4" falsecount="0"/>
      <line num="50" count="2" type="stmt"/>
      <line num="55" count="1" type="stmt"/>
      <line num="59" count="9" type="stmt"/>
    </file>
  </project>
</coverage>
