{"/home/itzmeamario-linux/Documents/programming/personal/custom-logger/src/index.ts": {"path":"/home/itzmeamario-linux/Documents/programming/personal/custom-logger/src/index.ts","statementMap":{"0":{"start":{"line":1,"column":0},"end":{"line":1,"column":9}},"1":{"start":{"line":1,"column":9},"end":{"line":1,"column":40}}},"fnMap":{"0":{"name":"(anonymous_0)","decl":{"start":{"line":1,"column":9},"end":{"line":1,"column":21}},"loc":{"start":{"line":1,"column":9},"end":{"line":1,"column":40}}}},"branchMap":{},"s":{"0":1,"1":11},"f":{"0":10},"b":{}}
,"/home/itzmeamario-linux/Documents/programming/personal/custom-logger/src/logger.ts": {"path":"/home/itzmeamario-linux/Documents/programming/personal/custom-logger/src/logger.ts","statementMap":{"0":{"start":{"line":1,"column":0},"end":{"line":1,"column":51}},"1":{"start":{"line":9,"column":28},"end":{"line":69,"column":1}},"2":{"start":{"line":10,"column":33},"end":{"line":30,"column":4}},"3":{"start":{"line":13,"column":25},"end":{"line":13,"column":41}},"4":{"start":{"line":14,"column":24},"end":{"line":17,"column":8}},"5":{"start":{"line":32,"column":21},"end":{"line":32,"column":34}},"6":{"start":{"line":34,"column":15},"end":{"line":34,"column":23}},"7":{"start":{"line":38,"column":4},"end":{"line":57,"column":5}},"8":{"start":{"line":39,"column":4},"end":{"line":57,"column":5}},"9":{"start":{"line":40,"column":6},"end":{"line":56,"column":7}},"10":{"start":{"line":42,"column":8},"end":{"line":47,"column":10}},"11":{"start":{"line":48,"column":13},"end":{"line":56,"column":7}},"12":{"start":{"line":50,"column":8},"end":{"line":53,"column":11}},"13":{"start":{"line":55,"column":8},"end":{"line":55,"column":77}},"14":{"start":{"line":59,"column":2},"end":{"line":67,"column":14}},"15":{"start":{"line":9,"column":13},"end":{"line":9,"column":28}}},"fnMap":{"0":{"name":"(anonymous_1)","decl":{"start":{"line":9,"column":28},"end":{"line":9,"column":29}},"loc":{"start":{"line":9,"column":69},"end":{"line":69,"column":1}}},"1":{"name":"(anonymous_2)","decl":{"start":{"line":13,"column":13},"end":{"line":13,"column":14}},"loc":{"start":{"line":13,"column":25},"end":{"line":13,"column":41}}},"2":{"name":"(anonymous_3)","decl":{"start":{"line":14,"column":11},"end":{"line":14,"column":12}},"loc":{"start":{"line":14,"column":24},"end":{"line":17,"column":8}}},"3":{"name":"(anonymous_4)","decl":{"start":{"line":38,"column":4},"end":{"line":38,"column":5}},"loc":{"start":{"line":39,"column":4},"end":{"line":57,"column":5}}},"4":{"name":"(anonymous_5)","decl":{"start":{"line":39,"column":4},"end":{"line":39,"column":5}},"loc":{"start":{"line":39,"column":76},"end":{"line":57,"column":5}}}},"branchMap":{"0":{"loc":{"start":{"line":11,"column":11},"end":{"line":11,"column":40}},"type":"binary-expr","locations":[{"start":{"line":11,"column":11},"end":{"line":11,"column":30}},{"start":{"line":11,"column":34},"end":{"line":11,"column":40}}]},"1":{"loc":{"start":{"line":20,"column":6},"end":{"line":28,"column":19}},"type":"cond-expr","locations":[{"start":{"line":21,"column":10},"end":{"line":27,"column":null}},{"start":{"line":28,"column":10},"end":{"line":28,"column":19}}]},"2":{"loc":{"start":{"line":40,"column":6},"end":{"line":56,"column":7}},"type":"if","locations":[{"start":{"line":40,"column":6},"end":{"line":56,"column":7}},{"start":{"line":48,"column":13},"end":{"line":56,"column":7}}]},"3":{"loc":{"start":{"line":44,"column":10},"end":{"line":46,"column":52}},"type":"cond-expr","locations":[{"start":{"line":45,"column":14},"end":{"line":45,"column":67}},{"start":{"line":46,"column":14},"end":{"line":46,"column":52}}]},"4":{"loc":{"start":{"line":48,"column":13},"end":{"line":56,"column":7}},"type":"if","locations":[{"start":{"line":48,"column":13},"end":{"line":56,"column":7}},{"start":{"line":54,"column":13},"end":{"line":56,"column":7}}]},"5":{"loc":{"start":{"line":48,"column":17},"end":{"line":48,"column":68}},"type":"binary-expr","locations":[{"start":{"line":48,"column":17},"end":{"line":48,"column":46}},{"start":{"line":48,"column":50},"end":{"line":48,"column":68}}]}},"s":{"0":1,"1":1,"2":9,"3":54,"4":8,"5":9,"6":9,"7":9,"8":54,"9":9,"10":6,"11":3,"12":2,"13":1,"14":9,"15":1},"f":{"0":9,"1":54,"2":8,"3":54,"4":9},"b":{"0":[9,9],"1":[9,0],"2":[6,3],"3":[4,2],"4":[2,1],"5":[3,2]}}
}
