TN:
SF:src/index.ts
FN:1,(anonymous_0)
FNF:1
FNH:1
FNDA:10,(anonymous_0)
DA:1,11
LF:1
LH:1
BRF:0
BRH:0
end_of_record
TN:
SF:src/logger.ts
FN:9,(anonymous_1)
FN:13,(anonymous_2)
FN:14,(anonymous_3)
FN:38,(anonymous_4)
FN:39,(anonymous_5)
FNF:5
FNH:5
FNDA:9,(anonymous_1)
FNDA:54,(anonymous_2)
FNDA:8,(anonymous_3)
FNDA:54,(anonymous_4)
FNDA:9,(anonymous_5)
DA:1,1
DA:9,1
DA:10,9
DA:13,54
DA:14,8
DA:32,9
DA:34,9
DA:38,9
DA:39,54
DA:40,9
DA:42,6
DA:48,3
DA:50,2
DA:55,1
DA:59,9
LF:15
LH:15
BRDA:11,0,0,9
BRDA:11,0,1,9
BRDA:20,1,0,9
BRDA:20,1,1,0
BRDA:40,2,0,6
BRDA:40,2,1,3
BRDA:44,3,0,4
BRDA:44,3,1,2
BRDA:48,4,0,2
BRDA:48,4,1,1
BRDA:48,5,0,3
BRDA:48,5,1,2
BRF:12
BRH:11
end_of_record
